<?xml version="1.0" encoding="UTF-8"?>
<!-- Generated by org.testng.reporters.JUnitReportReporter -->
<testsuite skipped="0" hostname="Mihails-MacBook-Pro.local" name="scripts.UnitedBasePageTest" tests="5" failures="0" timestamp="2023-01-28T00:00:52 CST" time="196.239" errors="0">
  <testcase name="validateMainMenuOptions" time="34.282" classname="scripts.UnitedBasePageTest"/>
  <system-out/>
  <testcase name="validateBookTravelMenuNavigationItems" time="32.704" classname="scripts.UnitedBasePageTest"/>
  <system-out/>
  <testcase name="validateRadioButtons" time="38.680" classname="scripts.UnitedBasePageTest"/>
  <system-out/>
  <testcase name="validateBookWithMilesAndFlexibleDatesCheckboxes" time="39.446" classname="scripts.UnitedBasePageTest"/>
  <system-out/>
  <testcase name="validateOneWayTicketSearchResults" time="51.127" classname="scripts.UnitedBasePageTest"/>
  <system-out/>
</testsuite> <!-- scripts.UnitedBasePageTest -->
